                              GENEMARK PREDICTIONS

Sequence: 1_5404
Sequence file: seq.fna
Sequence length: 5404
GC Content:  35.68%
Window length: 96
Window step: 12
Threshold value: 0.500
---
Matrix: Bacillus_subtilis_168
Matrix author: -
Matrix order: 4

List of Open reading frames predicted as CDSs, shown with alternate starts
(regions from start to stop codon w/ coding function >0.50)

Left      Right     DNA         Coding Avg   Start
end       end       Strand      Frame  Prob  Prob
--------  --------  ----------  -----  ----  ----

       1      1386  complement  fr 3   0.51  0.29  
       1      1371  complement  fr 3   0.52  0.43  
       1      1362  complement  fr 3   0.52  0.13  
       1      1317  complement  fr 3   0.52  0.74  
       1      1104  complement  fr 3   0.51  0.48  
       1       216  complement  fr 3   0.53  0.32  

    2549      3313  direct      fr 2   0.54  0.24  
    2810      3313  direct      fr 2   0.67  0.73  
    2948      3313  direct      fr 2   0.60  0.16  
    2993      3313  direct      fr 2   0.56  0.40  

List of Regions of interest
(regions from stop to stop codon w/ a signal in between)

   LEnd      REnd    Strand      Frame
 --------  --------  ----------- -----
        4      1452  complement  fr 3
     1437      2165  complement  fr 2
     2387      3313  direct      fr 2
     3288      4067  direct      fr 3
     4030      4818  direct      fr 1
     5067      5309  direct      fr 3


--------------------
ABOUT THE MATRIX USED:

Training set derived by GeneMarkS, 4.25 June 2014
Tue Sep 23 14:45:03 2014

