                              GENEMARK PREDICTIONS

Sequence: 1_5404
Sequence file: seq1-5404.txt
Sequence length: 5404
GC Content:  35.68%
Window length: 96
Window step: 12
Threshold value: 0.500
---
Matrix: Heuristic, GC = 36
Matrix author: Borodovsky Laboratory - Georgia Tech, School of Biology, Atlanta, GA, USA
Matrix order: 2

List of Open reading frames predicted as CDSs, shown with alternate starts
(regions from start to stop codon w/ coding function >0.50)

Left      Right     DNA         Coding Avg   Start
end       end       Strand      Frame  Prob  Prob
--------  --------  ----------  -----  ----  ----

       1      1386  complement  fr 3   0.88  0.07  
       1      1371  complement  fr 3   0.88  0.14  
       1      1362  complement  fr 3   0.89  0.38  
       1      1317  complement  fr 3   0.90  0.16  
       1      1209  complement  fr 3   0.89  0.52  

    1437      2159  complement  fr 2   0.64  0.90  
    1437      2132  complement  fr 2   0.66  0.27  
    1437      2129  complement  fr 2   0.66  0.30  
    1437      2051  complement  fr 2   0.66  0.50  
    1437      1985  complement  fr 2   0.63  0.01  
    1437      1928  complement  fr 2   0.68  0.31  
    1437      1667  complement  fr 2   0.62  0.06  
    1437      1598  complement  fr 2   0.59  0.51  

    2402      3313  direct      fr 2   0.74  0.80  
    2417      3313  direct      fr 2   0.75  0.47  
    2549      3313  direct      fr 2   0.75  0.24  
    2810      3313  direct      fr 2   0.77  0.50  
    2948      3313  direct      fr 2   0.73  0.04  

    4213      4818  direct      fr 1   0.54  0.81  
    4267      4818  direct      fr 1   0.50  0.08  

    5094      5309  direct      fr 3   0.61  0.77  
    5103      5309  direct      fr 3   0.65  0.49  
    5208      5309  direct      fr 3   0.59  0.09  

List of Regions of interest
(regions from stop to stop codon w/ a signal in between)

   LEnd      REnd    Strand      Frame
 --------  --------  ----------- -----
        4      1452  complement  fr 3
     1437      2165  complement  fr 2
     2387      3313  direct      fr 2
     3288      4067  direct      fr 3
     4030      4818  direct      fr 1
     4515      4664  complement  fr 2
     5067      5309  direct      fr 3


--------------------
ABOUT THE MATRIX USED:



For details on the model building procedure see:
   Besemer J. and Borodovsky M.
   "Heuristic approach to deriving models for gene finding"
   NAR, 1999, Vol. 27, No. 19, pp. 3911-3920

